<?xml version="1.0" encoding="UTF-8"?>
<!-- Generated by org.testng.reporters.JUnitReportReporter -->
<testsuite hostname="LPBLPF2TJJ7D" failures="0" tests="20" name="com.perfkit.DashboardPerformanceTest" time="722.368" errors="0" timestamp="2025-08-19T19:01:41 IST" skipped="0">
  <testcase classname="com.perfkit.DashboardPerformanceTest" name="measureDashboardReady" time="35.703"/>
  <testcase classname="com.perfkit.DashboardPerformanceTest" name="measureDashboardReady" time="32.520"/>
  <testcase classname="com.perfkit.DashboardPerformanceTest" name="measureDashboardReady" time="42.564"/>
  <testcase classname="com.perfkit.DashboardPerformanceTest" name="measureDashboardReady" time="35.362"/>
  <testcase classname="com.perfkit.DashboardPerformanceTest" name="measureDashboardReady" time="36.799"/>
  <testcase classname="com.perfkit.DashboardPerformanceTest" name="measureDashboardReady" time="33.706"/>
  <testcase classname="com.perfkit.DashboardPerformanceTest" name="measureDashboardReady" time="36.944"/>
  <testcase classname="com.perfkit.DashboardPerformanceTest" name="measureDashboardReady" time="33.053"/>
  <testcase classname="com.perfkit.DashboardPerformanceTest" name="measureDashboardReady" time="35.169"/>
  <testcase classname="com.perfkit.DashboardPerformanceTest" name="measureDashboardReady" time="38.972"/>
  <testcase classname="com.perfkit.DashboardPerformanceTest" name="measureDashboardReady" time="36.097"/>
  <testcase classname="com.perfkit.DashboardPerformanceTest" name="measureDashboardReady" time="52.142"/>
  <testcase classname="com.perfkit.DashboardPerformanceTest" name="measureDashboardReady" time="31.755"/>
  <testcase classname="com.perfkit.DashboardPerformanceTest" name="measureDashboardReady" time="33.015"/>
  <testcase classname="com.perfkit.DashboardPerformanceTest" name="measureDashboardReady" time="35.272"/>
  <testcase classname="com.perfkit.DashboardPerformanceTest" name="measureDashboardReady" time="35.212"/>
  <testcase classname="com.perfkit.DashboardPerformanceTest" name="measureDashboardReady" time="34.595"/>
  <testcase classname="com.perfkit.DashboardPerformanceTest" name="measureDashboardReady" time="35.005"/>
  <testcase classname="com.perfkit.DashboardPerformanceTest" name="measureDashboardReady" time="35.266"/>
  <testcase classname="com.perfkit.DashboardPerformanceTest" name="measureDashboardReady" time="33.217"/>
</testsuite> <!-- com.perfkit.DashboardPerformanceTest -->
