<?xml version="1.0" encoding="UTF-8"?>
<testsuite xmlns:xsi="http://www.w3.org/2001/XMLSchema-instance" xsi:noNamespaceSchemaLocation="https://maven.apache.org/surefire/maven-surefire-plugin/xsd/surefire-test-report-3.0.xsd" version="3.0" name="TestSuite" time="724.903" tests="20" errors="0" skipped="0" failures="0">
  <properties>
    <property name="surefire.suiteXmlFiles" value="testng.xml"/>
    <property name="java.specification.version" value="17"/>
    <property name="webdriver.chrome.driver" value="/home/sanumenonmadhusoodanan/.cache/selenium/chromedriver/linux64/137.0.7151.119/chromedriver"/>
    <property name="sun.jnu.encoding" value="UTF-8"/>
    <property name="java.class.path" value="/home/sanumenonmadhusoodanan/Desktop/jpphelper/dashboard-perf-kit/dashboard-perf/target/test-classes:/home/sanumenonmadhusoodanan/Desktop/jpphelper/dashboard-perf-kit/dashboard-perf/target/classes:/home/sanumenonmadhusoodanan/.m2/repository/org/knowm/xchart/xchart/3.8.6/xchart-3.8.6.jar:/home/sanumenonmadhusoodanan/.m2/repository/de/erichseifert/vectorgraphics2d/VectorGraphics2D/0.13/VectorGraphics2D-0.13.jar:/home/sanumenonmadhusoodanan/.m2/repository/de/rototor/pdfbox/graphics2d/3.0.0/graphics2d-3.0.0.jar:/home/sanumenonmadhusoodanan/.m2/repository/org/apache/pdfbox/pdfbox/3.0.0/pdfbox-3.0.0.jar:/home/sanumenonmadhusoodanan/.m2/repository/org/apache/pdfbox/pdfbox-io/3.0.0/pdfbox-io-3.0.0.jar:/home/sanumenonmadhusoodanan/.m2/repository/org/apache/pdfbox/fontbox/3.0.0/fontbox-3.0.0.jar:/home/sanumenonmadhusoodanan/.m2/repository/com/madgag/animated-gif-lib/1.4/animated-gif-lib-1.4.jar:/home/sanumenonmadhusoodanan/.m2/repository/org/seleniumhq/selenium/selenium-java/4.22.0/selenium-java-4.22.0.jar:/home/sanumenonmadhusoodanan/.m2/repository/org/seleniumhq/selenium/selenium-api/4.22.0/selenium-api-4.22.0.jar:/home/sanumenonmadhusoodanan/.m2/repository/org/seleniumhq/selenium/selenium-chrome-driver/4.22.0/selenium-chrome-driver-4.22.0.jar:/home/sanumenonmadhusoodanan/.m2/repository/com/google/auto/service/auto-service-annotations/1.1.1/auto-service-annotations-1.1.1.jar:/home/sanumenonmadhusoodanan/.m2/repository/org/seleniumhq/selenium/selenium-chromium-driver/4.22.0/selenium-chromium-driver-4.22.0.jar:/home/sanumenonmadhusoodanan/.m2/repository/org/seleniumhq/selenium/selenium-json/4.22.0/selenium-json-4.22.0.jar:/home/sanumenonmadhusoodanan/.m2/repository/org/seleniumhq/selenium/selenium-manager/4.22.0/selenium-manager-4.22.0.jar:/home/sanumenonmadhusoodanan/.m2/repository/org/seleniumhq/selenium/selenium-devtools-v124/4.22.0/selenium-devtools-v124-4.22.0.jar:/home/sanumenonmadhusoodanan/.m2/repository/org/seleniumhq/selenium/selenium-devtools-v125/4.22.0/selenium-devtools-v125-4.22.0.jar:/home/sanumenonmadhusoodanan/.m2/repository/org/seleniumhq/selenium/selenium-devtools-v126/4.22.0/selenium-devtools-v126-4.22.0.jar:/home/sanumenonmadhusoodanan/.m2/repository/org/seleniumhq/selenium/selenium-devtools-v85/4.22.0/selenium-devtools-v85-4.22.0.jar:/home/sanumenonmadhusoodanan/.m2/repository/org/seleniumhq/selenium/selenium-edge-driver/4.22.0/selenium-edge-driver-4.22.0.jar:/home/sanumenonmadhusoodanan/.m2/repository/org/seleniumhq/selenium/selenium-firefox-driver/4.22.0/selenium-firefox-driver-4.22.0.jar:/home/sanumenonmadhusoodanan/.m2/repository/org/seleniumhq/selenium/selenium-http/4.22.0/selenium-http-4.22.0.jar:/home/sanumenonmadhusoodanan/.m2/repository/dev/failsafe/failsafe/3.3.2/failsafe-3.3.2.jar:/home/sanumenonmadhusoodanan/.m2/repository/org/seleniumhq/selenium/selenium-ie-driver/4.22.0/selenium-ie-driver-4.22.0.jar:/home/sanumenonmadhusoodanan/.m2/repository/org/seleniumhq/selenium/selenium-remote-driver/4.22.0/selenium-remote-driver-4.22.0.jar:/home/sanumenonmadhusoodanan/.m2/repository/com/google/guava/guava/33.2.1-jre/guava-33.2.1-jre.jar:/home/sanumenonmadhusoodanan/.m2/repository/com/google/guava/failureaccess/1.0.2/failureaccess-1.0.2.jar:/home/sanumenonmadhusoodanan/.m2/repository/com/google/guava/listenablefuture/9999.0-empty-to-avoid-conflict-with-guava/listenablefuture-9999.0-empty-to-avoid-conflict-with-guava.jar:/home/sanumenonmadhusoodanan/.m2/repository/com/google/code/findbugs/jsr305/3.0.2/jsr305-3.0.2.jar:/home/sanumenonmadhusoodanan/.m2/repository/org/checkerframework/checker-qual/3.42.0/checker-qual-3.42.0.jar:/home/sanumenonmadhusoodanan/.m2/repository/com/google/errorprone/error_prone_annotations/2.26.1/error_prone_annotations-2.26.1.jar:/home/sanumenonmadhusoodanan/.m2/repository/com/google/j2objc/j2objc-annotations/3.0.0/j2objc-annotations-3.0.0.jar:/home/sanumenonmadhusoodanan/.m2/repository/io/opentelemetry/semconv/opentelemetry-semconv/1.25.0-alpha/opentelemetry-semconv-1.25.0-alpha.jar:/home/sanumenonmadhusoodanan/.m2/repository/io/opentelemetry/opentelemetry-api/1.39.0/opentelemetry-api-1.39.0.jar:/home/sanumenonmadhusoodanan/.m2/repository/io/opentelemetry/opentelemetry-context/1.39.0/opentelemetry-context-1.39.0.jar:/home/sanumenonmadhusoodanan/.m2/repository/io/opentelemetry/opentelemetry-exporter-logging/1.39.0/opentelemetry-exporter-logging-1.39.0.jar:/home/sanumenonmadhusoodanan/.m2/repository/io/opentelemetry/opentelemetry-sdk-common/1.39.0/opentelemetry-sdk-common-1.39.0.jar:/home/sanumenonmadhusoodanan/.m2/repository/io/opentelemetry/opentelemetry-sdk-extension-autoconfigure-spi/1.39.0/opentelemetry-sdk-extension-autoconfigure-spi-1.39.0.jar:/home/sanumenonmadhusoodanan/.m2/repository/io/opentelemetry/opentelemetry-sdk-extension-autoconfigure/1.39.0/opentelemetry-sdk-extension-autoconfigure-1.39.0.jar:/home/sanumenonmadhusoodanan/.m2/repository/io/opentelemetry/opentelemetry-api-incubator/1.39.0-alpha/opentelemetry-api-incubator-1.39.0-alpha.jar:/home/sanumenonmadhusoodanan/.m2/repository/io/opentelemetry/opentelemetry-sdk-trace/1.39.0/opentelemetry-sdk-trace-1.39.0.jar:/home/sanumenonmadhusoodanan/.m2/repository/io/opentelemetry/opentelemetry-sdk/1.39.0/opentelemetry-sdk-1.39.0.jar:/home/sanumenonmadhusoodanan/.m2/repository/io/opentelemetry/opentelemetry-sdk-metrics/1.39.0/opentelemetry-sdk-metrics-1.39.0.jar:/home/sanumenonmadhusoodanan/.m2/repository/io/opentelemetry/opentelemetry-sdk-logs/1.39.0/opentelemetry-sdk-logs-1.39.0.jar:/home/sanumenonmadhusoodanan/.m2/repository/net/bytebuddy/byte-buddy/1.14.17/byte-buddy-1.14.17.jar:/home/sanumenonmadhusoodanan/.m2/repository/org/seleniumhq/selenium/selenium-os/4.22.0/selenium-os-4.22.0.jar:/home/sanumenonmadhusoodanan/.m2/repository/org/apache/commons/commons-exec/1.4.0/commons-exec-1.4.0.jar:/home/sanumenonmadhusoodanan/.m2/repository/org/seleniumhq/selenium/selenium-safari-driver/4.22.0/selenium-safari-driver-4.22.0.jar:/home/sanumenonmadhusoodanan/.m2/repository/org/seleniumhq/selenium/selenium-support/4.22.0/selenium-support-4.22.0.jar:/home/sanumenonmadhusoodanan/.m2/repository/io/github/bonigarcia/webdrivermanager/5.8.0/webdrivermanager-5.8.0.jar:/home/sanumenonmadhusoodanan/.m2/repository/org/slf4j/slf4j-api/2.0.12/slf4j-api-2.0.12.jar:/home/sanumenonmadhusoodanan/.m2/repository/com/google/code/gson/gson/2.10.1/gson-2.10.1.jar:/home/sanumenonmadhusoodanan/.m2/repository/com/github/docker-java/docker-java/3.3.6/docker-java-3.3.6.jar:/home/sanumenonmadhusoodanan/.m2/repository/com/github/docker-java/docker-java-core/3.3.6/docker-java-core-3.3.6.jar:/home/sanumenonmadhusoodanan/.m2/repository/com/github/docker-java/docker-java-api/3.3.6/docker-java-api-3.3.6.jar:/home/sanumenonmadhusoodanan/.m2/repository/com/fasterxml/jackson/core/jackson-annotations/2.10.3/jackson-annotations-2.10.3.jar:/home/sanumenonmadhusoodanan/.m2/repository/com/fasterxml/jackson/core/jackson-databind/2.10.3/jackson-databind-2.10.3.jar:/home/sanumenonmadhusoodanan/.m2/repository/com/fasterxml/jackson/core/jackson-core/2.10.3/jackson-core-2.10.3.jar:/home/sanumenonmadhusoodanan/.m2/repository/org/bouncycastle/bcpkix-jdk18on/1.76/bcpkix-jdk18on-1.76.jar:/home/sanumenonmadhusoodanan/.m2/repository/org/bouncycastle/bcprov-jdk18on/1.76/bcprov-jdk18on-1.76.jar:/home/sanumenonmadhusoodanan/.m2/repository/org/bouncycastle/bcutil-jdk18on/1.76/bcutil-jdk18on-1.76.jar:/home/sanumenonmadhusoodanan/.m2/repository/org/slf4j/jcl-over-slf4j/1.7.30/jcl-over-slf4j-1.7.30.jar:/home/sanumenonmadhusoodanan/.m2/repository/com/github/docker-java/docker-java-transport-httpclient5/3.3.6/docker-java-transport-httpclient5-3.3.6.jar:/home/sanumenonmadhusoodanan/.m2/repository/com/github/docker-java/docker-java-transport/3.3.6/docker-java-transport-3.3.6.jar:/home/sanumenonmadhusoodanan/.m2/repository/net/java/dev/jna/jna/5.13.0/jna-5.13.0.jar:/home/sanumenonmadhusoodanan/.m2/repository/org/brotli/dec/0.1.2/dec-0.1.2.jar:/home/sanumenonmadhusoodanan/.m2/repository/org/apache/commons/commons-lang3/3.14.0/commons-lang3-3.14.0.jar:/home/sanumenonmadhusoodanan/.m2/repository/org/apache/commons/commons-compress/1.26.1/commons-compress-1.26.1.jar:/home/sanumenonmadhusoodanan/.m2/repository/commons-codec/commons-codec/1.16.1/commons-codec-1.16.1.jar:/home/sanumenonmadhusoodanan/.m2/repository/commons-io/commons-io/2.15.1/commons-io-2.15.1.jar:/home/sanumenonmadhusoodanan/.m2/repository/org/apache/httpcomponents/client5/httpclient5/5.2.1/httpclient5-5.2.1.jar:/home/sanumenonmadhusoodanan/.m2/repository/org/apache/httpcomponents/core5/httpcore5/5.2/httpcore5-5.2.jar:/home/sanumenonmadhusoodanan/.m2/repository/org/apache/httpcomponents/core5/httpcore5-h2/5.2/httpcore5-h2-5.2.jar:/home/sanumenonmadhusoodanan/.m2/repository/org/testng/testng/7.8.0/testng-7.8.0.jar:/home/sanumenonmadhusoodanan/.m2/repository/com/beust/jcommander/1.82/jcommander-1.82.jar:/home/sanumenonmadhusoodanan/.m2/repository/org/webjars/jquery/3.6.1/jquery-3.6.1.jar:/home/sanumenonmadhusoodanan/.m2/repository/com/aventstack/extentreports/5.1.1/extentreports-5.1.1.jar:/home/sanumenonmadhusoodanan/.m2/repository/io/reactivex/rxjava3/rxjava/3.1.6/rxjava-3.1.6.jar:/home/sanumenonmadhusoodanan/.m2/repository/org/reactivestreams/reactive-streams/1.0.4/reactive-streams-1.0.4.jar:/home/sanumenonmadhusoodanan/.m2/repository/org/freemarker/freemarker/2.3.32/freemarker-2.3.32.jar:/home/sanumenonmadhusoodanan/.m2/repository/org/projectlombok/lombok/1.18.26/lombok-1.18.26.jar:/home/sanumenonmadhusoodanan/.m2/repository/com/opencsv/opencsv/5.9/opencsv-5.9.jar:/home/sanumenonmadhusoodanan/.m2/repository/org/apache/commons/commons-text/1.11.0/commons-text-1.11.0.jar:/home/sanumenonmadhusoodanan/.m2/repository/commons-beanutils/commons-beanutils/1.9.4/commons-beanutils-1.9.4.jar:/home/sanumenonmadhusoodanan/.m2/repository/commons-logging/commons-logging/1.2/commons-logging-1.2.jar:/home/sanumenonmadhusoodanan/.m2/repository/commons-collections/commons-collections/3.2.2/commons-collections-3.2.2.jar:/home/sanumenonmadhusoodanan/.m2/repository/org/apache/commons/commons-collections4/4.4/commons-collections4-4.4.jar:"/>
    <property name="java.vm.vendor" value="Ubuntu"/>
    <property name="sun.arch.data.model" value="64"/>
    <property name="sun.font.fontmanager" value="sun.awt.X11FontManager"/>
    <property name="password" value="EWQdsa1983#a"/>
    <property name="java.vendor.url" value="https://ubuntu.com/"/>
    <property name="user.timezone" value="Asia/Kolkata"/>
    <property name="os.name" value="Linux"/>
    <property name="java.vm.specification.version" value="17"/>
    <property name="sun.java.launcher" value="SUN_STANDARD"/>
    <property name="user.country" value="US"/>
    <property name="sun.boot.library.path" value="/usr/lib/jvm/java-17-openjdk-amd64/lib"/>
    <property name="sun.java.command" value="/home/sanumenonmadhusoodanan/Desktop/jpphelper/dashboard-perf-kit/dashboard-perf/target/surefire/surefirebooter-20250819184935856_3.jar /home/sanumenonmadhusoodanan/Desktop/jpphelper/dashboard-perf-kit/dashboard-perf/target/surefire 2025-08-19T18-49-35_552-jvmRun1 surefire-20250819184935856_1tmp surefire_0-20250819184935856_2tmp"/>
    <property name="jdk.debug" value="release"/>
    <property name="surefire.test.class.path" value="/home/sanumenonmadhusoodanan/Desktop/jpphelper/dashboard-perf-kit/dashboard-perf/target/test-classes:/home/sanumenonmadhusoodanan/Desktop/jpphelper/dashboard-perf-kit/dashboard-perf/target/classes:/home/sanumenonmadhusoodanan/.m2/repository/org/knowm/xchart/xchart/3.8.6/xchart-3.8.6.jar:/home/sanumenonmadhusoodanan/.m2/repository/de/erichseifert/vectorgraphics2d/VectorGraphics2D/0.13/VectorGraphics2D-0.13.jar:/home/sanumenonmadhusoodanan/.m2/repository/de/rototor/pdfbox/graphics2d/3.0.0/graphics2d-3.0.0.jar:/home/sanumenonmadhusoodanan/.m2/repository/org/apache/pdfbox/pdfbox/3.0.0/pdfbox-3.0.0.jar:/home/sanumenonmadhusoodanan/.m2/repository/org/apache/pdfbox/pdfbox-io/3.0.0/pdfbox-io-3.0.0.jar:/home/sanumenonmadhusoodanan/.m2/repository/org/apache/pdfbox/fontbox/3.0.0/fontbox-3.0.0.jar:/home/sanumenonmadhusoodanan/.m2/repository/com/madgag/animated-gif-lib/1.4/animated-gif-lib-1.4.jar:/home/sanumenonmadhusoodanan/.m2/repository/org/seleniumhq/selenium/selenium-java/4.22.0/selenium-java-4.22.0.jar:/home/sanumenonmadhusoodanan/.m2/repository/org/seleniumhq/selenium/selenium-api/4.22.0/selenium-api-4.22.0.jar:/home/sanumenonmadhusoodanan/.m2/repository/org/seleniumhq/selenium/selenium-chrome-driver/4.22.0/selenium-chrome-driver-4.22.0.jar:/home/sanumenonmadhusoodanan/.m2/repository/com/google/auto/service/auto-service-annotations/1.1.1/auto-service-annotations-1.1.1.jar:/home/sanumenonmadhusoodanan/.m2/repository/org/seleniumhq/selenium/selenium-chromium-driver/4.22.0/selenium-chromium-driver-4.22.0.jar:/home/sanumenonmadhusoodanan/.m2/repository/org/seleniumhq/selenium/selenium-json/4.22.0/selenium-json-4.22.0.jar:/home/sanumenonmadhusoodanan/.m2/repository/org/seleniumhq/selenium/selenium-manager/4.22.0/selenium-manager-4.22.0.jar:/home/sanumenonmadhusoodanan/.m2/repository/org/seleniumhq/selenium/selenium-devtools-v124/4.22.0/selenium-devtools-v124-4.22.0.jar:/home/sanumenonmadhusoodanan/.m2/repository/org/seleniumhq/selenium/selenium-devtools-v125/4.22.0/selenium-devtools-v125-4.22.0.jar:/home/sanumenonmadhusoodanan/.m2/repository/org/seleniumhq/selenium/selenium-devtools-v126/4.22.0/selenium-devtools-v126-4.22.0.jar:/home/sanumenonmadhusoodanan/.m2/repository/org/seleniumhq/selenium/selenium-devtools-v85/4.22.0/selenium-devtools-v85-4.22.0.jar:/home/sanumenonmadhusoodanan/.m2/repository/org/seleniumhq/selenium/selenium-edge-driver/4.22.0/selenium-edge-driver-4.22.0.jar:/home/sanumenonmadhusoodanan/.m2/repository/org/seleniumhq/selenium/selenium-firefox-driver/4.22.0/selenium-firefox-driver-4.22.0.jar:/home/sanumenonmadhusoodanan/.m2/repository/org/seleniumhq/selenium/selenium-http/4.22.0/selenium-http-4.22.0.jar:/home/sanumenonmadhusoodanan/.m2/repository/dev/failsafe/failsafe/3.3.2/failsafe-3.3.2.jar:/home/sanumenonmadhusoodanan/.m2/repository/org/seleniumhq/selenium/selenium-ie-driver/4.22.0/selenium-ie-driver-4.22.0.jar:/home/sanumenonmadhusoodanan/.m2/repository/org/seleniumhq/selenium/selenium-remote-driver/4.22.0/selenium-remote-driver-4.22.0.jar:/home/sanumenonmadhusoodanan/.m2/repository/com/google/guava/guava/33.2.1-jre/guava-33.2.1-jre.jar:/home/sanumenonmadhusoodanan/.m2/repository/com/google/guava/failureaccess/1.0.2/failureaccess-1.0.2.jar:/home/sanumenonmadhusoodanan/.m2/repository/com/google/guava/listenablefuture/9999.0-empty-to-avoid-conflict-with-guava/listenablefuture-9999.0-empty-to-avoid-conflict-with-guava.jar:/home/sanumenonmadhusoodanan/.m2/repository/com/google/code/findbugs/jsr305/3.0.2/jsr305-3.0.2.jar:/home/sanumenonmadhusoodanan/.m2/repository/org/checkerframework/checker-qual/3.42.0/checker-qual-3.42.0.jar:/home/sanumenonmadhusoodanan/.m2/repository/com/google/errorprone/error_prone_annotations/2.26.1/error_prone_annotations-2.26.1.jar:/home/sanumenonmadhusoodanan/.m2/repository/com/google/j2objc/j2objc-annotations/3.0.0/j2objc-annotations-3.0.0.jar:/home/sanumenonmadhusoodanan/.m2/repository/io/opentelemetry/semconv/opentelemetry-semconv/1.25.0-alpha/opentelemetry-semconv-1.25.0-alpha.jar:/home/sanumenonmadhusoodanan/.m2/repository/io/opentelemetry/opentelemetry-api/1.39.0/opentelemetry-api-1.39.0.jar:/home/sanumenonmadhusoodanan/.m2/repository/io/opentelemetry/opentelemetry-context/1.39.0/opentelemetry-context-1.39.0.jar:/home/sanumenonmadhusoodanan/.m2/repository/io/opentelemetry/opentelemetry-exporter-logging/1.39.0/opentelemetry-exporter-logging-1.39.0.jar:/home/sanumenonmadhusoodanan/.m2/repository/io/opentelemetry/opentelemetry-sdk-common/1.39.0/opentelemetry-sdk-common-1.39.0.jar:/home/sanumenonmadhusoodanan/.m2/repository/io/opentelemetry/opentelemetry-sdk-extension-autoconfigure-spi/1.39.0/opentelemetry-sdk-extension-autoconfigure-spi-1.39.0.jar:/home/sanumenonmadhusoodanan/.m2/repository/io/opentelemetry/opentelemetry-sdk-extension-autoconfigure/1.39.0/opentelemetry-sdk-extension-autoconfigure-1.39.0.jar:/home/sanumenonmadhusoodanan/.m2/repository/io/opentelemetry/opentelemetry-api-incubator/1.39.0-alpha/opentelemetry-api-incubator-1.39.0-alpha.jar:/home/sanumenonmadhusoodanan/.m2/repository/io/opentelemetry/opentelemetry-sdk-trace/1.39.0/opentelemetry-sdk-trace-1.39.0.jar:/home/sanumenonmadhusoodanan/.m2/repository/io/opentelemetry/opentelemetry-sdk/1.39.0/opentelemetry-sdk-1.39.0.jar:/home/sanumenonmadhusoodanan/.m2/repository/io/opentelemetry/opentelemetry-sdk-metrics/1.39.0/opentelemetry-sdk-metrics-1.39.0.jar:/home/sanumenonmadhusoodanan/.m2/repository/io/opentelemetry/opentelemetry-sdk-logs/1.39.0/opentelemetry-sdk-logs-1.39.0.jar:/home/sanumenonmadhusoodanan/.m2/repository/net/bytebuddy/byte-buddy/1.14.17/byte-buddy-1.14.17.jar:/home/sanumenonmadhusoodanan/.m2/repository/org/seleniumhq/selenium/selenium-os/4.22.0/selenium-os-4.22.0.jar:/home/sanumenonmadhusoodanan/.m2/repository/org/apache/commons/commons-exec/1.4.0/commons-exec-1.4.0.jar:/home/sanumenonmadhusoodanan/.m2/repository/org/seleniumhq/selenium/selenium-safari-driver/4.22.0/selenium-safari-driver-4.22.0.jar:/home/sanumenonmadhusoodanan/.m2/repository/org/seleniumhq/selenium/selenium-support/4.22.0/selenium-support-4.22.0.jar:/home/sanumenonmadhusoodanan/.m2/repository/io/github/bonigarcia/webdrivermanager/5.8.0/webdrivermanager-5.8.0.jar:/home/sanumenonmadhusoodanan/.m2/repository/org/slf4j/slf4j-api/2.0.12/slf4j-api-2.0.12.jar:/home/sanumenonmadhusoodanan/.m2/repository/com/google/code/gson/gson/2.10.1/gson-2.10.1.jar:/home/sanumenonmadhusoodanan/.m2/repository/com/github/docker-java/docker-java/3.3.6/docker-java-3.3.6.jar:/home/sanumenonmadhusoodanan/.m2/repository/com/github/docker-java/docker-java-core/3.3.6/docker-java-core-3.3.6.jar:/home/sanumenonmadhusoodanan/.m2/repository/com/github/docker-java/docker-java-api/3.3.6/docker-java-api-3.3.6.jar:/home/sanumenonmadhusoodanan/.m2/repository/com/fasterxml/jackson/core/jackson-annotations/2.10.3/jackson-annotations-2.10.3.jar:/home/sanumenonmadhusoodanan/.m2/repository/com/fasterxml/jackson/core/jackson-databind/2.10.3/jackson-databind-2.10.3.jar:/home/sanumenonmadhusoodanan/.m2/repository/com/fasterxml/jackson/core/jackson-core/2.10.3/jackson-core-2.10.3.jar:/home/sanumenonmadhusoodanan/.m2/repository/org/bouncycastle/bcpkix-jdk18on/1.76/bcpkix-jdk18on-1.76.jar:/home/sanumenonmadhusoodanan/.m2/repository/org/bouncycastle/bcprov-jdk18on/1.76/bcprov-jdk18on-1.76.jar:/home/sanumenonmadhusoodanan/.m2/repository/org/bouncycastle/bcutil-jdk18on/1.76/bcutil-jdk18on-1.76.jar:/home/sanumenonmadhusoodanan/.m2/repository/org/slf4j/jcl-over-slf4j/1.7.30/jcl-over-slf4j-1.7.30.jar:/home/sanumenonmadhusoodanan/.m2/repository/com/github/docker-java/docker-java-transport-httpclient5/3.3.6/docker-java-transport-httpclient5-3.3.6.jar:/home/sanumenonmadhusoodanan/.m2/repository/com/github/docker-java/docker-java-transport/3.3.6/docker-java-transport-3.3.6.jar:/home/sanumenonmadhusoodanan/.m2/repository/net/java/dev/jna/jna/5.13.0/jna-5.13.0.jar:/home/sanumenonmadhusoodanan/.m2/repository/org/brotli/dec/0.1.2/dec-0.1.2.jar:/home/sanumenonmadhusoodanan/.m2/repository/org/apache/commons/commons-lang3/3.14.0/commons-lang3-3.14.0.jar:/home/sanumenonmadhusoodanan/.m2/repository/org/apache/commons/commons-compress/1.26.1/commons-compress-1.26.1.jar:/home/sanumenonmadhusoodanan/.m2/repository/commons-codec/commons-codec/1.16.1/commons-codec-1.16.1.jar:/home/sanumenonmadhusoodanan/.m2/repository/commons-io/commons-io/2.15.1/commons-io-2.15.1.jar:/home/sanumenonmadhusoodanan/.m2/repository/org/apache/httpcomponents/client5/httpclient5/5.2.1/httpclient5-5.2.1.jar:/home/sanumenonmadhusoodanan/.m2/repository/org/apache/httpcomponents/core5/httpcore5/5.2/httpcore5-5.2.jar:/home/sanumenonmadhusoodanan/.m2/repository/org/apache/httpcomponents/core5/httpcore5-h2/5.2/httpcore5-h2-5.2.jar:/home/sanumenonmadhusoodanan/.m2/repository/org/testng/testng/7.8.0/testng-7.8.0.jar:/home/sanumenonmadhusoodanan/.m2/repository/com/beust/jcommander/1.82/jcommander-1.82.jar:/home/sanumenonmadhusoodanan/.m2/repository/org/webjars/jquery/3.6.1/jquery-3.6.1.jar:/home/sanumenonmadhusoodanan/.m2/repository/com/aventstack/extentreports/5.1.1/extentreports-5.1.1.jar:/home/sanumenonmadhusoodanan/.m2/repository/io/reactivex/rxjava3/rxjava/3.1.6/rxjava-3.1.6.jar:/home/sanumenonmadhusoodanan/.m2/repository/org/reactivestreams/reactive-streams/1.0.4/reactive-streams-1.0.4.jar:/home/sanumenonmadhusoodanan/.m2/repository/org/freemarker/freemarker/2.3.32/freemarker-2.3.32.jar:/home/sanumenonmadhusoodanan/.m2/repository/org/projectlombok/lombok/1.18.26/lombok-1.18.26.jar:/home/sanumenonmadhusoodanan/.m2/repository/com/opencsv/opencsv/5.9/opencsv-5.9.jar:/home/sanumenonmadhusoodanan/.m2/repository/org/apache/commons/commons-text/1.11.0/commons-text-1.11.0.jar:/home/sanumenonmadhusoodanan/.m2/repository/commons-beanutils/commons-beanutils/1.9.4/commons-beanutils-1.9.4.jar:/home/sanumenonmadhusoodanan/.m2/repository/commons-logging/commons-logging/1.2/commons-logging-1.2.jar:/home/sanumenonmadhusoodanan/.m2/repository/commons-collections/commons-collections/3.2.2/commons-collections-3.2.2.jar:/home/sanumenonmadhusoodanan/.m2/repository/org/apache/commons/commons-collections4/4.4/commons-collections4-4.4.jar:"/>
    <property name="sun.cpu.endian" value="little"/>
    <property name="user.home" value="/home/sanumenonmadhusoodanan"/>
    <property name="user.language" value="en"/>
    <property name="java.specification.vendor" value="Oracle Corporation"/>
    <property name="java.version.date" value="2025-07-15"/>
    <property name="java.home" value="/usr/lib/jvm/java-17-openjdk-amd64"/>
    <property name="file.separator" value="/"/>
    <property name="targetSelector" value="#cimpactAccount-Owner &gt; div.fresnel-container.fresnel-greaterThanOrEqual-xl &gt; div.homePageWrapper &gt; div &gt; div &gt; div &gt; div &gt; div &gt; div.userHomeRight &gt; div:nth-child(5) &gt; div &gt; div &gt; div:nth-child(1) &gt; div &gt; div.impactAccountsFooter &gt; div.link &gt; i.sc-jXbUNg.jwKnWE.icon.icon-arrow-right.undefined"/>
    <property name="basedir" value="/home/sanumenonmadhusoodanan/Desktop/jpphelper/dashboard-perf-kit/dashboard-perf"/>
    <property name="java.vm.compressedOopsMode" value="Zero based"/>
    <property name="line.separator" value="&#10;"/>
    <property name="java.specification.name" value="Java Platform API Specification"/>
    <property name="java.vm.specification.vendor" value="Oracle Corporation"/>
    <property name="surefire.real.class.path" value="/home/sanumenonmadhusoodanan/Desktop/jpphelper/dashboard-perf-kit/dashboard-perf/target/surefire/surefirebooter-20250819184935856_3.jar"/>
    <property name="sun.management.compiler" value="HotSpot 64-Bit Tiered Compilers"/>
    <property name="java.runtime.version" value="17.0.16+8-Ubuntu-0ubuntu124.04.1"/>
    <property name="user.name" value="sanumenonmadhusoodanan"/>
    <property name="perfThresholdMs" value="10000"/>
    <property name="path.separator" value=":"/>
    <property name="os.version" value="6.14.0-27-generic"/>
    <property name="java.runtime.name" value="OpenJDK Runtime Environment"/>
    <property name="file.encoding" value="UTF-8"/>
    <property name="java.vm.name" value="OpenJDK 64-Bit Server VM"/>
    <property name="localRepository" value="/home/sanumenonmadhusoodanan/.m2/repository"/>
    <property name="java.vendor.url.bug" value="https://bugs.launchpad.net/ubuntu/+source/openjdk-17"/>
    <property name="java.io.tmpdir" value="/tmp"/>
    <property name="java.version" value="17.0.16"/>
    <property name="user.dir" value="/home/sanumenonmadhusoodanan/Desktop/jpphelper/dashboard-perf-kit/dashboard-perf"/>
    <property name="os.arch" value="amd64"/>
    <property name="java.vm.specification.name" value="Java Virtual Machine Specification"/>
    <property name="buildId" value="20250819184920"/>
    <property name="native.encoding" value="UTF-8"/>
    <property name="baseUrl" value="https://my.charitableimpact.com"/>
    <property name="environment" value="PROD"/>
    <property name="java.library.path" value="/usr/java/packages/lib:/usr/lib/x86_64-linux-gnu/jni:/lib/x86_64-linux-gnu:/usr/lib/x86_64-linux-gnu:/usr/lib/jni:/lib:/usr/lib"/>
    <property name="java.vm.info" value="mixed mode, sharing"/>
    <property name="java.vendor" value="Ubuntu"/>
    <property name="java.vm.version" value="17.0.16+8-Ubuntu-0ubuntu124.04.1"/>
    <property name="java.specification.maintenance.version" value="1"/>
    <property name="sun.io.unicode.encoding" value="UnicodeLittle"/>
    <property name="java.class.version" value="61.0"/>
    <property name="username" value="testchimppro@charitableimpact.com"/>
  </properties>
  <testcase name="measureDashboardReady" classname="com.perfkit.DashboardPerformanceTest" time="42.393">
    <system-out><![CDATA[The new path is: /home/sanumenonmadhusoodanan/Desktop/jpphelper/dashboard-perf-kit/results
]]></system-out>
    <system-err><![CDATA[SLF4J(W): No SLF4J providers were found.
SLF4J(W): Defaulting to no-operation (NOP) logger implementation
SLF4J(W): See https://www.slf4j.org/codes.html#noProviders for further details.
Aug 19, 2025 6:49:43 PM org.openqa.selenium.devtools.CdpVersionFinder findNearestMatch
WARNING: Unable to find CDP implementation matching 137
Aug 19, 2025 6:49:43 PM org.openqa.selenium.chromium.ChromiumDriver lambda$new$5
WARNING: Unable to find version of CDP to use for 137.0.7151.55. You may need to include a dependency on a specific version of the CDP using something similar to `org.seleniumhq.selenium:selenium-devtools-v86:4.22.0` where the version ("v86") matches the version of the chromium-based browser you're using and the version number of the artifact is the same as Selenium's.
]]></system-err>
  </testcase>
  <testcase name="measureDashboardReady" classname="com.perfkit.DashboardPerformanceTest" time="25.488">
    <system-out><![CDATA[The new path is: /home/sanumenonmadhusoodanan/Desktop/jpphelper/dashboard-perf-kit/results
]]></system-out>
    <system-err><![CDATA[Aug 19, 2025 6:50:36 PM org.openqa.selenium.devtools.CdpVersionFinder findNearestMatch
WARNING: Unable to find CDP implementation matching 137
Aug 19, 2025 6:50:36 PM org.openqa.selenium.chromium.ChromiumDriver lambda$new$5
WARNING: Unable to find version of CDP to use for 137.0.7151.55. You may need to include a dependency on a specific version of the CDP using something similar to `org.seleniumhq.selenium:selenium-devtools-v86:4.22.0` where the version ("v86") matches the version of the chromium-based browser you're using and the version number of the artifact is the same as Selenium's.
]]></system-err>
  </testcase>
  <testcase name="measureDashboardReady" classname="com.perfkit.DashboardPerformanceTest" time="28.023">
    <system-out><![CDATA[The new path is: /home/sanumenonmadhusoodanan/Desktop/jpphelper/dashboard-perf-kit/results
]]></system-out>
    <system-err><![CDATA[Aug 19, 2025 6:51:11 PM org.openqa.selenium.devtools.CdpVersionFinder findNearestMatch
WARNING: Unable to find CDP implementation matching 137
Aug 19, 2025 6:51:11 PM org.openqa.selenium.chromium.ChromiumDriver lambda$new$5
WARNING: Unable to find version of CDP to use for 137.0.7151.55. You may need to include a dependency on a specific version of the CDP using something similar to `org.seleniumhq.selenium:selenium-devtools-v86:4.22.0` where the version ("v86") matches the version of the chromium-based browser you're using and the version number of the artifact is the same as Selenium's.
]]></system-err>
  </testcase>
  <testcase name="measureDashboardReady" classname="com.perfkit.DashboardPerformanceTest" time="25.531">
    <system-out><![CDATA[The new path is: /home/sanumenonmadhusoodanan/Desktop/jpphelper/dashboard-perf-kit/results
]]></system-out>
    <system-err><![CDATA[Aug 19, 2025 6:51:49 PM org.openqa.selenium.devtools.CdpVersionFinder findNearestMatch
WARNING: Unable to find CDP implementation matching 137
Aug 19, 2025 6:51:49 PM org.openqa.selenium.chromium.ChromiumDriver lambda$new$5
WARNING: Unable to find version of CDP to use for 137.0.7151.55. You may need to include a dependency on a specific version of the CDP using something similar to `org.seleniumhq.selenium:selenium-devtools-v86:4.22.0` where the version ("v86") matches the version of the chromium-based browser you're using and the version number of the artifact is the same as Selenium's.
]]></system-err>
  </testcase>
  <testcase name="measureDashboardReady" classname="com.perfkit.DashboardPerformanceTest" time="25.522">
    <system-out><![CDATA[The new path is: /home/sanumenonmadhusoodanan/Desktop/jpphelper/dashboard-perf-kit/results
]]></system-out>
    <system-err><![CDATA[Aug 19, 2025 6:52:24 PM org.openqa.selenium.devtools.CdpVersionFinder findNearestMatch
WARNING: Unable to find CDP implementation matching 137
Aug 19, 2025 6:52:24 PM org.openqa.selenium.chromium.ChromiumDriver lambda$new$5
WARNING: Unable to find version of CDP to use for 137.0.7151.55. You may need to include a dependency on a specific version of the CDP using something similar to `org.seleniumhq.selenium:selenium-devtools-v86:4.22.0` where the version ("v86") matches the version of the chromium-based browser you're using and the version number of the artifact is the same as Selenium's.
]]></system-err>
  </testcase>
  <testcase name="measureDashboardReady" classname="com.perfkit.DashboardPerformanceTest" time="25.948">
    <system-out><![CDATA[The new path is: /home/sanumenonmadhusoodanan/Desktop/jpphelper/dashboard-perf-kit/results
]]></system-out>
    <system-err><![CDATA[Aug 19, 2025 6:52:59 PM org.openqa.selenium.devtools.CdpVersionFinder findNearestMatch
WARNING: Unable to find CDP implementation matching 137
Aug 19, 2025 6:52:59 PM org.openqa.selenium.chromium.ChromiumDriver lambda$new$5
WARNING: Unable to find version of CDP to use for 137.0.7151.55. You may need to include a dependency on a specific version of the CDP using something similar to `org.seleniumhq.selenium:selenium-devtools-v86:4.22.0` where the version ("v86") matches the version of the chromium-based browser you're using and the version number of the artifact is the same as Selenium's.
]]></system-err>
  </testcase>
  <testcase name="measureDashboardReady" classname="com.perfkit.DashboardPerformanceTest" time="27.077">
    <system-out><![CDATA[The new path is: /home/sanumenonmadhusoodanan/Desktop/jpphelper/dashboard-perf-kit/results
]]></system-out>
    <system-err><![CDATA[Aug 19, 2025 6:53:35 PM org.openqa.selenium.devtools.CdpVersionFinder findNearestMatch
WARNING: Unable to find CDP implementation matching 137
Aug 19, 2025 6:53:35 PM org.openqa.selenium.chromium.ChromiumDriver lambda$new$5
WARNING: Unable to find version of CDP to use for 137.0.7151.55. You may need to include a dependency on a specific version of the CDP using something similar to `org.seleniumhq.selenium:selenium-devtools-v86:4.22.0` where the version ("v86") matches the version of the chromium-based browser you're using and the version number of the artifact is the same as Selenium's.
]]></system-err>
  </testcase>
  <testcase name="measureDashboardReady" classname="com.perfkit.DashboardPerformanceTest" time="23.97">
    <system-out><![CDATA[The new path is: /home/sanumenonmadhusoodanan/Desktop/jpphelper/dashboard-perf-kit/results
]]></system-out>
    <system-err><![CDATA[Aug 19, 2025 6:54:12 PM org.openqa.selenium.devtools.CdpVersionFinder findNearestMatch
WARNING: Unable to find CDP implementation matching 137
Aug 19, 2025 6:54:12 PM org.openqa.selenium.chromium.ChromiumDriver lambda$new$5
WARNING: Unable to find version of CDP to use for 137.0.7151.55. You may need to include a dependency on a specific version of the CDP using something similar to `org.seleniumhq.selenium:selenium-devtools-v86:4.22.0` where the version ("v86") matches the version of the chromium-based browser you're using and the version number of the artifact is the same as Selenium's.
]]></system-err>
  </testcase>
  <testcase name="measureDashboardReady" classname="com.perfkit.DashboardPerformanceTest" time="25.203">
    <system-out><![CDATA[The new path is: /home/sanumenonmadhusoodanan/Desktop/jpphelper/dashboard-perf-kit/results
]]></system-out>
    <system-err><![CDATA[Aug 19, 2025 6:54:45 PM org.openqa.selenium.devtools.CdpVersionFinder findNearestMatch
WARNING: Unable to find CDP implementation matching 137
Aug 19, 2025 6:54:45 PM org.openqa.selenium.chromium.ChromiumDriver lambda$new$5
WARNING: Unable to find version of CDP to use for 137.0.7151.55. You may need to include a dependency on a specific version of the CDP using something similar to `org.seleniumhq.selenium:selenium-devtools-v86:4.22.0` where the version ("v86") matches the version of the chromium-based browser you're using and the version number of the artifact is the same as Selenium's.
]]></system-err>
  </testcase>
  <testcase name="measureDashboardReady" classname="com.perfkit.DashboardPerformanceTest" time="27.151">
    <system-out><![CDATA[The new path is: /home/sanumenonmadhusoodanan/Desktop/jpphelper/dashboard-perf-kit/results
]]></system-out>
    <system-err><![CDATA[Aug 19, 2025 6:55:20 PM org.openqa.selenium.devtools.CdpVersionFinder findNearestMatch
WARNING: Unable to find CDP implementation matching 137
Aug 19, 2025 6:55:20 PM org.openqa.selenium.chromium.ChromiumDriver lambda$new$5
WARNING: Unable to find version of CDP to use for 137.0.7151.55. You may need to include a dependency on a specific version of the CDP using something similar to `org.seleniumhq.selenium:selenium-devtools-v86:4.22.0` where the version ("v86") matches the version of the chromium-based browser you're using and the version number of the artifact is the same as Selenium's.
]]></system-err>
  </testcase>
  <testcase name="measureDashboardReady" classname="com.perfkit.DashboardPerformanceTest" time="29.226">
    <system-out><![CDATA[The new path is: /home/sanumenonmadhusoodanan/Desktop/jpphelper/dashboard-perf-kit/results
]]></system-out>
    <system-err><![CDATA[Aug 19, 2025 6:55:57 PM org.openqa.selenium.devtools.CdpVersionFinder findNearestMatch
WARNING: Unable to find CDP implementation matching 137
Aug 19, 2025 6:55:57 PM org.openqa.selenium.chromium.ChromiumDriver lambda$new$5
WARNING: Unable to find version of CDP to use for 137.0.7151.55. You may need to include a dependency on a specific version of the CDP using something similar to `org.seleniumhq.selenium:selenium-devtools-v86:4.22.0` where the version ("v86") matches the version of the chromium-based browser you're using and the version number of the artifact is the same as Selenium's.
]]></system-err>
  </testcase>
  <testcase name="measureDashboardReady" classname="com.perfkit.DashboardPerformanceTest" time="25.544">
    <system-out><![CDATA[The new path is: /home/sanumenonmadhusoodanan/Desktop/jpphelper/dashboard-perf-kit/results
]]></system-out>
    <system-err><![CDATA[Aug 19, 2025 6:56:36 PM org.openqa.selenium.devtools.CdpVersionFinder findNearestMatch
WARNING: Unable to find CDP implementation matching 137
Aug 19, 2025 6:56:36 PM org.openqa.selenium.chromium.ChromiumDriver lambda$new$5
WARNING: Unable to find version of CDP to use for 137.0.7151.55. You may need to include a dependency on a specific version of the CDP using something similar to `org.seleniumhq.selenium:selenium-devtools-v86:4.22.0` where the version ("v86") matches the version of the chromium-based browser you're using and the version number of the artifact is the same as Selenium's.
]]></system-err>
  </testcase>
  <testcase name="measureDashboardReady" classname="com.perfkit.DashboardPerformanceTest" time="26.366">
    <system-out><![CDATA[The new path is: /home/sanumenonmadhusoodanan/Desktop/jpphelper/dashboard-perf-kit/results
]]></system-out>
    <system-err><![CDATA[Aug 19, 2025 6:57:12 PM org.openqa.selenium.devtools.CdpVersionFinder findNearestMatch
WARNING: Unable to find CDP implementation matching 137
Aug 19, 2025 6:57:12 PM org.openqa.selenium.chromium.ChromiumDriver lambda$new$5
WARNING: Unable to find version of CDP to use for 137.0.7151.55. You may need to include a dependency on a specific version of the CDP using something similar to `org.seleniumhq.selenium:selenium-devtools-v86:4.22.0` where the version ("v86") matches the version of the chromium-based browser you're using and the version number of the artifact is the same as Selenium's.
]]></system-err>
  </testcase>
  <testcase name="measureDashboardReady" classname="com.perfkit.DashboardPerformanceTest" time="24.819">
    <system-out><![CDATA[The new path is: /home/sanumenonmadhusoodanan/Desktop/jpphelper/dashboard-perf-kit/results
]]></system-out>
    <system-err><![CDATA[Aug 19, 2025 6:57:48 PM org.openqa.selenium.devtools.CdpVersionFinder findNearestMatch
WARNING: Unable to find CDP implementation matching 137
Aug 19, 2025 6:57:48 PM org.openqa.selenium.chromium.ChromiumDriver lambda$new$5
WARNING: Unable to find version of CDP to use for 137.0.7151.55. You may need to include a dependency on a specific version of the CDP using something similar to `org.seleniumhq.selenium:selenium-devtools-v86:4.22.0` where the version ("v86") matches the version of the chromium-based browser you're using and the version number of the artifact is the same as Selenium's.
]]></system-err>
  </testcase>
  <testcase name="measureDashboardReady" classname="com.perfkit.DashboardPerformanceTest" time="25.406">
    <system-out><![CDATA[The new path is: /home/sanumenonmadhusoodanan/Desktop/jpphelper/dashboard-perf-kit/results
]]></system-out>
    <system-err><![CDATA[Aug 19, 2025 6:58:22 PM org.openqa.selenium.devtools.CdpVersionFinder findNearestMatch
WARNING: Unable to find CDP implementation matching 137
Aug 19, 2025 6:58:22 PM org.openqa.selenium.chromium.ChromiumDriver lambda$new$5
WARNING: Unable to find version of CDP to use for 137.0.7151.55. You may need to include a dependency on a specific version of the CDP using something similar to `org.seleniumhq.selenium:selenium-devtools-v86:4.22.0` where the version ("v86") matches the version of the chromium-based browser you're using and the version number of the artifact is the same as Selenium's.
]]></system-err>
  </testcase>
  <testcase name="measureDashboardReady" classname="com.perfkit.DashboardPerformanceTest" time="22.027">
    <system-out><![CDATA[The new path is: /home/sanumenonmadhusoodanan/Desktop/jpphelper/dashboard-perf-kit/results
]]></system-out>
    <system-err><![CDATA[Aug 19, 2025 6:58:57 PM org.openqa.selenium.devtools.CdpVersionFinder findNearestMatch
WARNING: Unable to find CDP implementation matching 137
Aug 19, 2025 6:58:57 PM org.openqa.selenium.chromium.ChromiumDriver lambda$new$5
WARNING: Unable to find version of CDP to use for 137.0.7151.55. You may need to include a dependency on a specific version of the CDP using something similar to `org.seleniumhq.selenium:selenium-devtools-v86:4.22.0` where the version ("v86") matches the version of the chromium-based browser you're using and the version number of the artifact is the same as Selenium's.
]]></system-err>
  </testcase>
  <testcase name="measureDashboardReady" classname="com.perfkit.DashboardPerformanceTest" time="22.772">
    <system-out><![CDATA[The new path is: /home/sanumenonmadhusoodanan/Desktop/jpphelper/dashboard-perf-kit/results
]]></system-out>
    <system-err><![CDATA[Aug 19, 2025 6:59:29 PM org.openqa.selenium.devtools.CdpVersionFinder findNearestMatch
WARNING: Unable to find CDP implementation matching 137
Aug 19, 2025 6:59:29 PM org.openqa.selenium.chromium.ChromiumDriver lambda$new$5
WARNING: Unable to find version of CDP to use for 137.0.7151.55. You may need to include a dependency on a specific version of the CDP using something similar to `org.seleniumhq.selenium:selenium-devtools-v86:4.22.0` where the version ("v86") matches the version of the chromium-based browser you're using and the version number of the artifact is the same as Selenium's.
]]></system-err>
  </testcase>
  <testcase name="measureDashboardReady" classname="com.perfkit.DashboardPerformanceTest" time="23.26">
    <system-out><![CDATA[The new path is: /home/sanumenonmadhusoodanan/Desktop/jpphelper/dashboard-perf-kit/results
]]></system-out>
    <system-err><![CDATA[Aug 19, 2025 7:00:02 PM org.openqa.selenium.devtools.CdpVersionFinder findNearestMatch
WARNING: Unable to find CDP implementation matching 137
Aug 19, 2025 7:00:02 PM org.openqa.selenium.chromium.ChromiumDriver lambda$new$5
WARNING: Unable to find version of CDP to use for 137.0.7151.55. You may need to include a dependency on a specific version of the CDP using something similar to `org.seleniumhq.selenium:selenium-devtools-v86:4.22.0` where the version ("v86") matches the version of the chromium-based browser you're using and the version number of the artifact is the same as Selenium's.
]]></system-err>
  </testcase>
  <testcase name="measureDashboardReady" classname="com.perfkit.DashboardPerformanceTest" time="23.257">
    <system-out><![CDATA[The new path is: /home/sanumenonmadhusoodanan/Desktop/jpphelper/dashboard-perf-kit/results
]]></system-out>
    <system-err><![CDATA[Aug 19, 2025 7:00:35 PM org.openqa.selenium.devtools.CdpVersionFinder findNearestMatch
WARNING: Unable to find CDP implementation matching 137
Aug 19, 2025 7:00:35 PM org.openqa.selenium.chromium.ChromiumDriver lambda$new$5
WARNING: Unable to find version of CDP to use for 137.0.7151.55. You may need to include a dependency on a specific version of the CDP using something similar to `org.seleniumhq.selenium:selenium-devtools-v86:4.22.0` where the version ("v86") matches the version of the chromium-based browser you're using and the version number of the artifact is the same as Selenium's.
]]></system-err>
  </testcase>
  <testcase name="measureDashboardReady" classname="com.perfkit.DashboardPerformanceTest" time="23.463">
    <system-out><![CDATA[The new path is: /home/sanumenonmadhusoodanan/Desktop/jpphelper/dashboard-perf-kit/results
]]></system-out>
    <system-err><![CDATA[Aug 19, 2025 7:01:08 PM org.openqa.selenium.devtools.CdpVersionFinder findNearestMatch
WARNING: Unable to find CDP implementation matching 137
Aug 19, 2025 7:01:08 PM org.openqa.selenium.chromium.ChromiumDriver lambda$new$5
WARNING: Unable to find version of CDP to use for 137.0.7151.55. You may need to include a dependency on a specific version of the CDP using something similar to `org.seleniumhq.selenium:selenium-devtools-v86:4.22.0` where the version ("v86") matches the version of the chromium-based browser you're using and the version number of the artifact is the same as Selenium's.
]]></system-err>
  </testcase>
</testsuite>